<Event xmlns='http://schemas.microsoft.com/win/2004/08/events/event'><System><Provider Name='Microsoft-Windows-Security-Auditing' Guid='{54849625-5478-4994-a5ba-3e3b0328c30d}'/><EventID>7045</EventID><Version>0</Version><Level>0</Level><Task>0</Task><Opcode>0</Opcode><Keywords>0x8080000000000000</Keywords><TimeCreated SystemTime='2021-05-13T09:15:30.331902400Z'/><EventRecordID>994547</EventRecordID><Correlation/><Execution ProcessID='664' ThreadID='920'/><Channel>System</Channel><Computer>WIN-WORKSTATION.attackrange.local</Computer><Security UserID='S-1-5-21-2547128611-1795869445-1994594412-1108'/></System><EventData><Data Name='ServiceName'>WinDefendUpd</Data><Data Name='ImagePath'>cmd /c powershell -nop -w hidden -enc SQBFAFgA</Data><Data Name='ServiceType'>user mode service</Data><Data Name='StartType'>auto start</Data><Data Name='AccountName'>LocalSystem</Data></EventData></Event>
<Event xmlns='http://schemas.microsoft.com/win/2004/08/events/event'><System><Provider Name='Microsoft-Windows-Sysmon' Guid='{5770385f-c22a-43e0-bf4c-06f5698ffbd9}'/><EventID>1</EventID><Version>5</Version><Level>4</Level><Task>1</Task><Opcode>0</Opcode><Keywords>0x8000000000000000</Keywords><TimeCreated SystemTime='2021-05-13T09:15:36.663117700Z'/><EventRecordID>184366</EventRecordID><Correlation/><Execution ProcessID='3196' ThreadID='4020'/><Channel>Microsoft-Windows-Sysmon/Operational</Channel><Computer>WIN-WORKSTATION.attackrange.local</Computer><Security UserID='S-1-5-18'/></System><EventData><Data Name='RuleName'>-</Data><Data Name='UtcTime'>2021-05-13 09:15:36.663</Data><Data Name='ProcessGuid'>{b3460cb2-8cfd-609c-5c02-000000000e00}</Data><Data Name='ProcessId'>5588</Data><Data Name='Image'>C:\Windows\System32\cipher.exe</Data><Data Name='FileVersion'>10.0.17763.1</Data><Data Name='Description'>Microsoft File Encryption Utility</Data><Data Name='Product'>Microsoft Windows Operating System</Data><Data Name='Company'>Microsoft Corporation</Data><Data Name='OriginalFileName'>CIPHER.EXE</Data><Data Name='CommandLine'>cipher /w:C:\Users\svc_backup\AppData\Local\Temp</Data><Data Name='CurrentDirectory'>C:\Windows\system32\</Data><Data Name='User'>ATTACKRANGE\svc_backup</Data><Data Name='LogonGuid'>{b3460cb2-8ce3-609c-213d-9f0000000000}</Data><Data Name='LogonId'>0x9f3d21</Data><Data Name='TerminalSessionId'>0</Data><Data Name='IntegrityLevel'>High</Data><Data Name='Hashes'>SHA256=C3E5F7B9D1A3C5E7F9B1D3A5C7E9F1B3D5A7C9E1F3B5D7A9C1E3F5B7D9A1C3E5</Data><Data Name='ParentProcessGuid'>{b3460cb2-8ce4-609c-4c02-000000000e00}</Data><Data Name='ParentProcessId'>7452</Data><Data Name='ParentImage'>C:\Windows\System32\WindowsPowerShell\v1.0\powershell.exe</Data><Data Name='ParentCommandLine'>powershell -nop -w hidden -enc SQBFAFgA</Data><Data Name='ParentUser'>ATTACKRANGE\svc_backup</Data></EventData></Event>
<Event xmlns='http://schemas.microsoft.com/win/2004/08/events/event'><System><Provider Name='Microsoft-Windows-Sysmon' Guid='{5770385f-c22a-43e0-bf4c-06f5698ffbd9}'/><EventID>23</EventID><Version>5</Version><Level>4</Level><Task>23</Task><Opcode>0</Opcode><Keywords>0x8000000000000000</Keywords><TimeCreated SystemTime='2021-05-13T09:15:37.221665300Z'/><EventRecordID>184369</EventRecordID><Correlation/><Execution ProcessID='3196' ThreadID='4048'/><Channel>Microsoft-Windows-Sysmon/Operational</Channel><Computer>WIN-WORKSTATION.attackrange.local</Computer><Security UserID='S-1-5-18'/></System><EventData><Data Name='RuleName'>-</Data><Data Name='UtcTime'>2021-05-13 09:15:37.221</Data><Data Name='ProcessGuid'>{b3460cb2-8ce4-609c-4c02-000000000e00}</Data><Data Name='ProcessId'>7452</Data><Data Name='User'>ATTACKRANGE\svc_backup</Data><Data Name='Image'>C:\Windows\System32\WindowsPowerShell\v1.0\powershell.exe</Data><Data Name='TargetFilename'>C:\Users\svc_backup\AppData\Local\Temp\lsass.dmp</Data><Data Name='Hashes'>SHA256=A1E3D5F7B9C1A3E5D7F9B1D3A5C7E9F1B3D5A7C9E1F3B5D7A9C1E3F5B7D9A1C3</Data><Data Name='IsExecutable'>false</Data><Data Name='Archived'>true</Data></EventData></Event>
<Event xmlns='http://schemas.microsoft.com/win/2004/08/events/event'><System><Provider Name='Microsoft-Windows-Sysmon' Guid='{5770385f-c22a-43e0-bf4c-06f5698ffbd9}'/><EventID>5</EventID><Version>3</Version><Level>4</Level><Task>5</Task><Opcode>0</Opcode><Keywords>0x8000000000000000</Keywords><TimeCreated SystemTime='2021-05-13T09:15:43.884552100Z'/><EventRecordID>184378</EventRecordID><Correlation/><Execution ProcessID='3196' ThreadID='4052'/><Channel>Microsoft-Windows-Sysmon/Operational</Channel><Computer>WIN-WORKSTATION.attackrange.local</Computer><Security UserID='S-1-5-18'/></System><EventData><Data Name='RuleName'>-</Data><Data Name='UtcTime'>2021-05-13 09:15:43.884</Data><Data Name='ProcessGuid'>{b3460cb2-8ce4-609c-4c02-000000000e00}</Data><Data Name='ProcessId'>7452</Data><Data Name='Image'>C:\Windows\System32\WindowsPowerShell\v1.0\powershell.exe</Data><Data Name='User'>ATTACKRANGE\svc_backup</Data></EventData></Event>
